<?xml version="1.0" encoding="UTF-8"?>
<!-- Generated by org.testng.reporters.JUnitReportReporter -->
<testsuite hostname="DESKTOP-CMMN98B" failures="0" tests="1" name="org.Orgg" time="0.035" errors="0" timestamp="2024-09-09T12:35:48 IST" skipped="0">
  <testcase classname="org.Orgg" name="test" time="0.035"/>
  <system-out/>
</testsuite> <!-- org.Orgg -->
